<?xml version="1.0" encoding="UTF-8"?>
<testsuite name="MainTest" tests="8" skipped="0" failures="0" errors="0" timestamp="2024-05-31T21:10:09" hostname="DESKTOP-A97GDF4" time="0.014">
  <properties/>
  <testcase name="testStringArrayWithAllNonNullElements" classname="MainTest" time="0.008"/>
  <testcase name="testStringArrayWithMoreElements" classname="MainTest" time="0.001"/>
  <testcase name="testIntArrayWithOneNullElement" classname="MainTest" time="0.002"/>
  <testcase name="testIntArrayWithMoreNonNullElement" classname="MainTest" time="0.001"/>
  <testcase name="testStringArrayWithOnlyOneElement" classname="MainTest" time="0.0"/>
  <testcase name="testStringArrayWithAllNullElements" classname="MainTest" time="0.0"/>
  <testcase name="testIntArrayWithOneNonNullElement" classname="MainTest" time="0.001"/>
  <testcase name="testStringsArr" classname="MainTest" time="0.0"/>
  <system-out><![CDATA[]]></system-out>
  <system-err><![CDATA[]]></system-err>
</testsuite>
