<?xml version="1.0" encoding="UTF-8"?>
<testsuite name="BoxTest" tests="1" skipped="0" failures="0" errors="0" timestamp="2024-05-17T07:30:15" hostname="DESKTOP-A97GDF4" time="0.001">
  <properties/>
  <testcase name="testBox" classname="BoxTest" time="0.001"/>
  <system-out><![CDATA[]]></system-out>
  <system-err><![CDATA[]]></system-err>
</testsuite>
