<?xml version="1.0" encoding="UTF-8"?>
<testsuite name="MainTest" tests="8" skipped="0" failures="0" errors="0" timestamp="2024-05-16T19:59:30" hostname="DESKTOP-A97GDF4" time="0.022">
  <properties/>
  <testcase name="testStringArrayWithAllNonNullElements" classname="MainTest" time="0.01"/>
  <testcase name="testStringArrayWithMoreElements" classname="MainTest" time="0.0"/>
  <testcase name="testEmptyIntArray" classname="MainTest" time="0.001"/>
  <testcase name="testIntArrayWithMoreNonNullElement" classname="MainTest" time="0.002"/>
  <testcase name="testStringArrayWithOnlyOneElement" classname="MainTest" time="0.001"/>
  <testcase name="testIntArr" classname="MainTest" time="0.002"/>
  <testcase name="testIntArrayWithOneNonNullElement" classname="MainTest" time="0.002"/>
  <testcase name="testStringsArr" classname="MainTest" time="0.001"/>
  <system-out><![CDATA[]]></system-out>
  <system-err><![CDATA[]]></system-err>
</testsuite>
